<?xml version="1.0" encoding="UTF-8"?>
<!-- Generated by org.testng.reporters.JUnitReportReporter -->
<testsuite skipped="0" hostname="Sammu_PC" name="com.actitime.scripts.LoginTest" tests="2" failures="0" timestamp="20 Apr 2019 10:58:47 GMT" time="44.239" errors="0">
  <testcase name="ValidLogin" time="28.016" classname="com.actitime.scripts.LoginTest"/>
  <testcase name="InvalidLogin" time="16.223" classname="com.actitime.scripts.LoginTest"/>
</testsuite> <!-- com.actitime.scripts.LoginTest -->
