<?xml version="1.0" encoding="UTF-8"?>
<!-- Generated by org.testng.reporters.JUnitReportReporter -->
<testsuite hostname="FILT076" name="com.actitime.scripts.LoginTest" tests="2" failures="0" timestamp="7 Apr 2019 11:33:37 GMT" time="29.712" errors="0">
  <testcase name="InvalidLogin" time="12.561" classname="com.actitime.scripts.LoginTest"/>
  <testcase name="ValidLogin" time="17.151" classname="com.actitime.scripts.LoginTest"/>
</testsuite> <!-- com.actitime.scripts.LoginTest -->
